2019-12-24T14:05:05.239Z Server Init at 2019-12-24T14:05:04.939Z
2019-12-24T14:21:10.588Z Server Init at 2019-12-24T14:21:10.540Z
2019-12-24T14:44:40.385Z Server Init at 2019-12-24T14:44:40.348Z
2019-12-24T14:46:15.092Z Server Init at 2019-12-24T14:46:15.054Z
2019-12-24T14:49:16.697Z Server Init at 2019-12-24T14:49:16.654Z
2019-12-24T14:49:23.407Z Missing where or truncate attribute in the options parameter of model.destroy.
2019-12-24T14:53:01.965Z Server Init at 2019-12-24T14:53:01.923Z
2019-12-24T14:53:21.858Z Invalid status code: 1
2019-12-24T16:08:54.825Z Server Init at 2019-12-24T16:08:54.750Z
2019-12-24T16:14:42.927Z Server Init at 2019-12-24T16:14:42.878Z
2019-12-24T16:15:37.871Z Server Init at 2019-12-24T16:15:37.839Z
2019-12-24T16:19:33.629Z Server Init at 2019-12-24T16:19:33.593Z
2019-12-24T16:31:43.181Z Server Init at 2019-12-24T16:31:43.142Z
2019-12-24T16:34:15.228Z Server Init at 2019-12-24T16:34:15.194Z
2019-12-24T16:35:29.329Z Server Init at 2019-12-24T16:35:29.292Z
2019-12-24T16:41:16.231Z Server Init at 2019-12-24T16:41:16.196Z
2019-12-24T16:54:32.023Z Server Init at 2019-12-24T16:54:31.967Z
2019-12-24T16:55:02.219Z UsersModels is not defined
2019-12-24T16:55:36.424Z Server Init at 2019-12-24T16:55:36.390Z
2019-12-24T16:56:11.696Z Server Init at 2019-12-24T16:56:11.652Z
2019-12-24T18:17:41.208Z Server Init at 2019-12-24T18:17:40.419Z
2019-12-24T18:36:57.963Z Server Init at 2019-12-24T18:36:57.926Z
2019-12-24T18:38:27.041Z Server Init at 2019-12-24T18:38:27.007Z
2019-12-24T18:39:33.403Z Server Init at 2019-12-24T18:39:33.368Z
2019-12-24T18:41:35.599Z Server Init at 2019-12-24T18:41:35.547Z
2019-12-24T21:17:41.393Z Server Init at 2019-12-24T21:17:41.340Z
2019-12-24T22:45:51.578Z Server Init at 2019-12-24T22:45:51.511Z
2019-12-24T23:15:34.938Z Server Init at 2019-12-24T23:15:34.870Z
2019-12-24T23:37:47.786Z Server Init at 2019-12-24T23:37:47.751Z
2019-12-24T23:37:58.900Z Op is not defined
2019-12-24T23:38:29.267Z Op is not defined
2019-12-24T23:39:23.035Z Server Init at 2019-12-24T23:39:23.002Z
2019-12-24T23:39:26.987Z Op is not defined
2019-12-24T23:39:55.284Z Op is not defined
2019-12-24T23:40:43.102Z Op is not defined
2019-12-24T23:42:12.895Z Server Init at 2019-12-24T23:42:12.860Z
2019-12-24T23:42:16.290Z Op is not defined
2019-12-24T23:42:38.797Z Server Init at 2019-12-24T23:42:38.745Z
2019-12-24T23:42:42.816Z Op is not defined
2019-12-24T23:43:01.864Z Server Init at 2019-12-24T23:43:01.817Z
2019-12-24T23:43:10.219Z Op is not defined
2019-12-24T23:43:32.170Z Server Init at 2019-12-24T23:43:32.138Z
2019-12-24T23:43:40.200Z Op is not defined
2019-12-24T23:45:56.809Z Server Init at 2019-12-24T23:45:56.766Z
2019-12-24T23:45:59.944Z Op is not defined
2019-12-24T23:49:30.118Z Server Init at 2019-12-24T23:49:30.069Z
2019-12-24T23:50:01.439Z Server Init at 2019-12-24T23:50:01.399Z
2019-12-24T23:50:08.552Z Op is not defined
2019-12-24T23:50:48.969Z Server Init at 2019-12-24T23:50:48.930Z
2019-12-24T23:50:52.983Z Op is not defined
2019-12-24T23:51:28.624Z Server Init at 2019-12-24T23:51:28.581Z
2019-12-24T23:51:54.852Z Op is not defined
2019-12-24T23:52:42.732Z Server Init at 2019-12-24T23:52:42.700Z
2019-12-24T23:52:45.830Z Op is not defined
2019-12-24T23:53:29.117Z Op is not defined
2019-12-24T23:54:25.234Z Server Init at 2019-12-24T23:54:25.202Z
2019-12-24T23:54:30.137Z Op is not defined
2019-12-24T23:56:02.895Z Server Init at 2019-12-24T23:56:02.864Z
2019-12-24T23:57:36.390Z Server Init at 2019-12-24T23:57:36.358Z
2019-12-25T00:01:42.495Z Server Init at 2019-12-25T00:01:42.450Z
2019-12-25T00:03:34.362Z Server Init at 2019-12-25T00:03:34.281Z
2019-12-25T00:03:52.629Z Server Init at 2019-12-25T00:03:52.589Z
2019-12-25T00:05:12.740Z Server Init at 2019-12-25T00:05:12.708Z
2019-12-25T00:05:37.403Z Assignment to constant variable.
2019-12-25T00:06:19.172Z Server Init at 2019-12-25T00:06:19.124Z
2019-12-25T00:07:02.529Z Server Init at 2019-12-25T00:07:02.496Z
2019-12-25T00:08:18.916Z Server Init at 2019-12-25T00:08:18.884Z
2019-12-25T00:13:08.472Z Server Init at 2019-12-25T00:13:08.439Z
2019-12-25T00:14:28.944Z Server Init at 2019-12-25T00:14:28.902Z
2019-12-25T00:19:36.150Z Server Init at 2019-12-25T00:19:36.025Z
2019-12-25T00:26:16.107Z Server Init at 2019-12-25T00:26:16.073Z
2019-12-25T00:48:50.934Z Server Init at 2019-12-25T00:48:50.884Z
2019-12-25T00:52:31.288Z Server Init at 2019-12-25T00:52:31.255Z
2019-12-25T00:53:11.946Z Server Init at 2019-12-25T00:53:11.901Z
2019-12-25T00:53:29.305Z Server Init at 2019-12-25T00:53:29.272Z
2019-12-25T00:56:10.434Z Server Init at 2019-12-25T00:56:10.397Z
2019-12-25T01:12:24.613Z Server Init at 2019-12-25T01:12:24.576Z
2019-12-25T01:13:19.905Z Server Init at 2019-12-25T01:13:19.872Z
2019-12-25T01:13:55.478Z Server Init at 2019-12-25T01:13:55.443Z
2019-12-25T01:15:21.160Z Server Init at 2019-12-25T01:15:21.116Z
2019-12-25T01:22:42.405Z Server Init at 2019-12-25T01:22:42.373Z
2019-12-25T01:23:27.181Z Server Init at 2019-12-25T01:23:27.144Z
2019-12-25T01:25:01.921Z Server Init at 2019-12-25T01:25:01.887Z
2019-12-25T01:27:37.647Z Server Init at 2019-12-25T01:27:37.606Z
2019-12-25T01:30:29.898Z Server Init at 2019-12-25T01:30:29.863Z
2019-12-25T01:30:55.120Z Server Init at 2019-12-25T01:30:55.081Z
2019-12-25T01:32:50.510Z Server Init at 2019-12-25T01:32:50.477Z
2019-12-25T01:33:08.732Z Server Init at 2019-12-25T01:33:08.699Z
2019-12-25T01:33:33.151Z Server Init at 2019-12-25T01:33:33.065Z
2019-12-25T01:35:09.174Z Server Init at 2019-12-25T01:35:09.125Z
2019-12-25T01:36:38.319Z Server Init at 2019-12-25T01:36:38.285Z
2019-12-25T01:37:59.936Z Server Init at 2019-12-25T01:37:59.897Z
2019-12-25T01:40:35.495Z Server Init at 2019-12-25T01:40:35.460Z
